# JRE version: Java(TM) SE Runtime Environment (8.0_20-b26) (build 1.8.0_20-b26)
# Java VM: Java HotSpot(TM) 64-Bit Server VM (25.20-b23 mixed mode bsd-amd64 compressed oops)
Heap:
 PSYoungGen      total 699392K, used 349176K [0x0000000780000000, 0x00000007c0000000, 0x00000007c0000000)
  eden space 350208K, 0% used [0x0000000780000000,0x0000000780000000,0x0000000795600000)
  from space 349184K, 99% used [0x00000007aab00000,0x00000007bfffe048,0x00000007c0000000)
  to   space 349184K, 0% used [0x0000000795600000,0x0000000795600000,0x00000007aab00000)
 ParOldGen       total 2097152K, used 2019178K [0x0000000700000000, 0x0000000780000000, 0x0000000780000000)
  object space 2097152K, 96% used [0x0000000700000000,0x000000077b3da880,0x0000000780000000)
 Metaspace       used 7615K, capacity 7838K, committed 8192K, reserved 1056768K
  class space    used 883K, capacity 925K, committed 1024K, reserved 1048576K
GC Heap History (10 events):
Event: 636.739 GC heap after
Heap after GC invocations=46 (full 9):
 PSYoungGen      total 699392K, used 315232K [0x0000000780000000, 0x00000007c0000000, 0x00000007c0000000)
  eden space 350208K, 0% used [0x0000000780000000,0x0000000780000000,0x0000000795600000)
  from space 349184K, 90% used [0x0000000795600000,0x00000007a89d8000,0x00000007aab00000)
  to   space 349184K, 0% used [0x00000007aab00000,0x00000007aab00000,0x00000007c0000000)
 ParOldGen       total 1901056K, used 1628749K [0x0000000700000000, 0x0000000774080000, 0x0000000780000000)
  object space 1901056K, 85% used [0x0000000700000000,0x00000007636936c8,0x0000000774080000)
 Metaspace       used 7564K, capacity 7838K, committed 8192K, reserved 1056768K
  class space    used 877K, capacity 925K, committed 1024K, reserved 1048576K
}
Event: 668.436 GC heap before
{Heap before GC invocations=47 (full 9):
 PSYoungGen      total 699392K, used 665440K [0x0000000780000000, 0x00000007c0000000, 0x00000007c0000000)
  eden space 350208K, 100% used [0x0000000780000000,0x0000000795600000,0x0000000795600000)
  from space 349184K, 90% used [0x0000000795600000,0x00000007a89d8000,0x00000007aab00000)
  to   space 349184K, 0% used [0x00000007aab00000,0x00000007aab00000,0x00000007c0000000)
 ParOldGen       total 1901056K, used 1628749K [0x0000000700000000, 0x0000000774080000, 0x0000000780000000)
  object space 1901056K, 85% used [0x0000000700000000,0x00000007636936c8,0x0000000774080000)
 Metaspace       used 7564K, capacity 7838K, committed 8192K, reserved 1056768K
  class space    used 877K, capacity 925K, committed 1024K, reserved 1048576K
Event: 687.428 GC heap after
Heap after GC invocations=47 (full 9):
 PSYoungGen      total 699392K, used 250512K [0x0000000780000000, 0x00000007c0000000, 0x00000007c0000000)
  eden space 350208K, 0% used [0x0000000780000000,0x0000000780000000,0x0000000795600000)
  from space 349184K, 71% used [0x00000007aab00000,0x00000007b9fa4040,0x00000007c0000000)
  to   space 349184K, 0% used [0x0000000795600000,0x0000000795600000,0x00000007aab00000)
 ParOldGen       total 1901056K, used 1755093K [0x0000000700000000, 0x0000000774080000, 0x0000000780000000)
  object space 1901056K, 92% used [0x0000000700000000,0x000000076b1f56c8,0x0000000774080000)
 Metaspace       used 7564K, capacity 7838K, committed 8192K, reserved 1056768K
  class space    used 877K, capacity 925K, committed 1024K, reserved 1048576K
}
Event: 687.437 GC heap before
{Heap before GC invocations=48 (full 10):
 PSYoungGen      total 699392K, used 250512K [0x0000000780000000, 0x00000007c0000000, 0x00000007c0000000)
  eden space 350208K, 0% used [0x0000000780000000,0x0000000780000000,0x0000000795600000)
  from space 349184K, 71% used [0x00000007aab00000,0x00000007b9fa4040,0x00000007c0000000)
  to   space 349184K, 0% used [0x0000000795600000,0x0000000795600000,0x00000007aab00000)
 ParOldGen       total 1901056K, used 1755093K [0x0000000700000000, 0x0000000774080000, 0x0000000780000000)
  object space 1901056K, 92% used [0x0000000700000000,0x000000076b1f56c8,0x0000000774080000)
 Metaspace       used 7564K, capacity 7838K, committed 8192K, reserved 1056768K
  class space    used 877K, capacity 925K, committed 1024K, reserved 1048576K
Event: 805.898 GC heap after
Heap after GC invocations=48 (full 10):
 PSYoungGen      total 699392K, used 103380K [0x0000000780000000, 0x00000007c0000000, 0x00000007c0000000)
  eden space 350208K, 0% used [0x0000000780000000,0x0000000780000000,0x0000000795600000)
  from space 349184K, 29% used [0x00000007aab00000,0x00000007b0ff5190,0x00000007c0000000)
  to   space 349184K, 0% used [0x0000000795600000,0x0000000795600000,0x00000007aab00000)
 ParOldGen       total 2097152K, used 1900810K [0x0000000700000000, 0x0000000780000000, 0x0000000780000000)
  object space 2097152K, 90% used [0x0000000700000000,0x0000000774042880,0x0000000780000000)
 Metaspace       used 7564K, capacity 7838K, committed 8192K, reserved 1056768K
  class space    used 877K, capacity 925K, committed 1024K, reserved 1048576K
}
Event: 831.762 GC heap before
{Heap before GC invocations=49 (full 10):
 PSYoungGen      total 699392K, used 453588K [0x0000000780000000, 0x00000007c0000000, 0x00000007c0000000)
  eden space 350208K, 100% used [0x0000000780000000,0x0000000795600000,0x0000000795600000)
  from space 349184K, 29% used [0x00000007aab00000,0x00000007b0ff5190,0x00000007c0000000)
  to   space 349184K, 0% used [0x0000000795600000,0x0000000795600000,0x00000007aab00000)
 ParOldGen       total 2097152K, used 1900810K [0x0000000700000000, 0x0000000780000000, 0x0000000780000000)
  object space 2097152K, 90% used [0x0000000700000000,0x0000000774042880,0x0000000780000000)
 Metaspace       used 7615K, capacity 7838K, committed 8192K, reserved 1056768K
  class space    used 883K, capacity 925K, committed 1024K, reserved 1048576K
Event: 861.206 GC heap after
Heap after GC invocations=49 (full 10):
 PSYoungGen      total 699392K, used 274539K [0x0000000780000000, 0x00000007c0000000, 0x00000007c0000000)
  eden space 350208K, 0% used [0x0000000780000000,0x0000000780000000,0x0000000795600000)
  from space 349184K, 78% used [0x0000000795600000,0x00000007a621ac68,0x00000007aab00000)
  to   space 349184K, 0% used [0x00000007aab00000,0x00000007aab00000,0x00000007c0000000)
 ParOldGen       total 2097152K, used 1900818K [0x0000000700000000, 0x0000000780000000, 0x0000000780000000)
  object space 2097152K, 90% used [0x0000000700000000,0x0000000774044880,0x0000000780000000)
 Metaspace       used 7615K, capacity 7838K, committed 8192K, reserved 1056768K
  class space    used 883K, capacity 925K, committed 1024K, reserved 1048576K
}
Event: 884.022 GC heap before
{Heap before GC invocations=50 (full 10):
 PSYoungGen      total 699392K, used 624747K [0x0000000780000000, 0x00000007c0000000, 0x00000007c0000000)
  eden space 350208K, 100% used [0x0000000780000000,0x0000000795600000,0x0000000795600000)
  from space 349184K, 78% used [0x0000000795600000,0x00000007a621ac68,0x00000007aab00000)
  to   space 349184K, 0% used [0x00000007aab00000,0x00000007aab00000,0x00000007c0000000)
 ParOldGen       total 2097152K, used 1900818K [0x0000000700000000, 0x0000000780000000, 0x0000000780000000)
  object space 2097152K, 90% used [0x0000000700000000,0x0000000774044880,0x0000000780000000)
 Metaspace       used 7615K, capacity 7838K, committed 8192K, reserved 1056768K
  class space    used 883K, capacity 925K, committed 1024K, reserved 1048576K
Event: 896.585 GC heap after
Heap after GC invocations=50 (full 10):
 PSYoungGen      total 699392K, used 349176K [0x0000000780000000, 0x00000007c0000000, 0x00000007c0000000)
  eden space 350208K, 0% used [0x0000000780000000,0x0000000780000000,0x0000000795600000)
  from space 349184K, 99% used [0x00000007aab00000,0x00000007bfffe048,0x00000007c0000000)
  to   space 349184K, 0% used [0x0000000795600000,0x0000000795600000,0x00000007aab00000)
 ParOldGen       total 2097152K, used 2019178K [0x0000000700000000, 0x0000000780000000, 0x0000000780000000)
  object space 2097152K, 96% used [0x0000000700000000,0x000000077b3da880,0x0000000780000000)
 Metaspace       used 7615K, capacity 7838K, committed 8192K, reserved 1056768K
  class space    used 883K, capacity 925K, committed 1024K, reserved 1048576K
}
Event: 896.585 GC heap before
{Heap before GC invocations=51 (full 11):
 PSYoungGen      total 699392K, used 349176K [0x0000000780000000, 0x00000007c0000000, 0x00000007c0000000)
  eden space 350208K, 0% used [0x0000000780000000,0x0000000780000000,0x0000000795600000)
  from space 349184K, 99% used [0x00000007aab00000,0x00000007bfffe048,0x00000007c0000000)
  to   space 349184K, 0% used [0x0000000795600000,0x0000000795600000,0x00000007aab00000)
 ParOldGen       total 2097152K, used 2019178K [0x0000000700000000, 0x0000000780000000, 0x0000000780000000)
  object space 2097152K, 96% used [0x0000000700000000,0x000000077b3da880,0x0000000780000000)
 Metaspace       used 7615K, capacity 7838K, committed 8192K, reserved 1056768K
  class space    used 883K, capacity 925K, committed 1024K, reserved 1048576K

